<?xml version="1.0" encoding="UTF-8"?>
<testsuite xmlns:xsi="http://www.w3.org/2001/XMLSchema-instance" xsi:noNamespaceSchemaLocation="https://maven.apache.org/surefire/maven-surefire-plugin/xsd/surefire-test-report-3.0.xsd" version="3.0" name="gsoo.algorithms.b3_brute_force.BruteForceAssignmentTest" time="0.014" tests="4" errors="0" skipped="0" failures="0">
  <properties>
[...]
</properties>
  <testcase name="solve_normalCase_findsMinimumCostAssignment" classname="gsoo.algorithms.b3_brute_force.BruteForceAssignmentTest" time="0.001"/>
  <testcase name="solve_nonSquareMatrix_throwsIllegalArgumentException" classname="gsoo.algorithms.b3_brute_force.BruteForceAssignmentTest" time="0.009"/>
  <testcase name="solve_nullMatrix_throwsNullPointerException" classname="gsoo.algorithms.b3_brute_force.BruteForceAssignmentTest" time="0.002"/>
  <testcase name="solve_boundaryCase_singlePorterSingleJob" classname="gsoo.algorithms.b3_brute_force.BruteForceAssignmentTest" time="0.001"/>
</testsuite>